<?xml version="1.0" encoding="UTF-8"?>
<testsuite name="E2ETests" tests="1" skipped="0" failures="0" errors="0" timestamp="2022-04-13T13:52:59" hostname="DESKTOP-POLPA1P" time="0.082">
  <properties/>
  <testcase name="checkViaTheController()" classname="E2ETests" time="0.082"/>
  <system-out><![CDATA[We get 1!
We get 749!
]]></system-out>
  <system-err><![CDATA[]]></system-err>
</testsuite>
