<?xml version="1.0" encoding="UTF-8"?>
<testsuite name="DBIntegrationTests" tests="3" skipped="0" failures="0" errors="0" timestamp="2022-04-08T15:51:29" hostname="DESKTOP-POLPA1P" time="0.798">
  <properties/>
  <testcase name="loadDatabase()" classname="DBIntegrationTests" time="0.473"/>
  <testcase name="nullSearchCheck()" classname="DBIntegrationTests" time="0.121"/>
  <testcase name="writeDataAndCheck()" classname="DBIntegrationTests" time="0.203"/>
  <system-out><![CDATA[]]></system-out>
  <system-err><![CDATA[SLF4J: Failed to load class "org.slf4j.impl.StaticLoggerBinder".
SLF4J: Defaulting to no-operation (NOP) logger implementation
SLF4J: See http://www.slf4j.org/codes.html#StaticLoggerBinder for further details.
]]></system-err>
</testsuite>
