<?xml version="1.0" encoding="UTF-8"?>
<testsuite name="VolTankTests" tests="6" skipped="0" failures="0" errors="0" timestamp="2022-03-26T06:00:08" hostname="DESKTOP-POLPA1P" time="0.018">
  <properties/>
  <testcase name="zeroHeight()" classname="VolTankTests" time="0.013"/>
  <testcase name="allZero()" classname="VolTankTests" time="0.0"/>
  <testcase name="maxVolume()" classname="VolTankTests" time="0.0"/>
  <testcase name="halfVolume()" classname="VolTankTests" time="0.0"/>
  <testcase name="volumeIsMoreThanHalf()" classname="VolTankTests" time="0.0"/>
  <testcase name="volumeIsLessThanHalf()" classname="VolTankTests" time="0.001"/>
  <system-out><![CDATA[]]></system-out>
  <system-err><![CDATA[]]></system-err>
</testsuite>
