<?xml version="1.0" encoding="UTF-8"?>
<testsuite name="VolTankTests" tests="11" skipped="0" failures="0" errors="0" timestamp="2022-03-28T16:03:54" hostname="DESKTOP-POLPA1P" time="0.065">
  <properties/>
  <testcase name="negativeVolume()" classname="VolTankTests" time="0.052"/>
  <testcase name="zeroHeight()" classname="VolTankTests" time="0.001"/>
  <testcase name="allZero()" classname="VolTankTests" time="0.001"/>
  <testcase name="maxVolume()" classname="VolTankTests" time="0.001"/>
  <testcase name="halfVolume()" classname="VolTankTests" time="0.001"/>
  <testcase name="bigNumbers()" classname="VolTankTests" time="0.002"/>
  <testcase name="volumeIsMoreThanHalf()" classname="VolTankTests" time="0.001"/>
  <testcase name="heightIsMoreThanDiameter()" classname="VolTankTests" time="0.001"/>
  <testcase name="negativeDiameter()" classname="VolTankTests" time="0.001"/>
  <testcase name="volumeIsLessThanHalf()" classname="VolTankTests" time="0.001"/>
  <testcase name="negativeHeight()" classname="VolTankTests" time="0.001"/>
  <system-out><![CDATA[]]></system-out>
  <system-err><![CDATA[]]></system-err>
</testsuite>
